Loading required package: Rcpp
[2025-09-10 04:46:10] [INFO] Starting DADA2 downstream analysis pipeline...
[2025-09-10 04:46:10] [INFO] =====================================================
[2025-09-10 04:46:10] [INFO] Starting analysis for marker: 18S_A
[2025-09-10 04:46:10] [INFO] =====================================================
[2025-09-10 04:46:10] [INFO] SUCCESS: Final phyloseq object already exists. Skipping analysis for this marker.
[2025-09-10 04:46:10] [INFO]    - Found at:../04_analysis_output/18S_A/18S_A_phyloseq.rds
[2025-09-10 04:46:10] [INFO] =====================================================
[2025-09-10 04:46:10] [INFO] Starting analysis for marker: COI
[2025-09-10 04:46:10] [INFO] =====================================================
[2025-09-10 04:46:10] [INFO] Step 1: Loading and preparing data...
[2025-09-10 04:46:11] [INFO] Current memory usage: 583.4 MB
[2025-09-10 04:46:11] [INFO]    - Reading ASV table: ../03_dada2_output_coi/seqtab.tsv
[2025-09-10 04:46:11] [INFO]    - ASV table loaded:17255ASVs across40samples.
[2025-09-10 04:46:11] [INFO]    - Reading metadata: ../databases/USGS_eDNA_Deepsearch_metadata.csv
[2025-09-10 04:46:11] [INFO]    - Metadata loaded for85samples.
[2025-09-10 04:46:11] [INFO]    - Filtering and aligning samples between ASV table and metadata...
[2025-09-10 04:46:11] [INFO]    - Data filtering complete. Retained17255ASVs across40samples.
[2025-09-10 04:46:12] [INFO] Current memory usage: 592.5 MB
[2025-09-10 04:46:12] [INFO] Step 2: Assigning taxonomy with checkpoint system...
[2025-09-10 04:46:12] [INFO]    - To be processed:17255sequences in9chunks.
[2025-09-10 04:46:12] [INFO] ----------------------------------------------------
[2025-09-10 04:46:12] [INFO] Checking for chunk 1 of 9...
[2025-09-10 04:46:12] [INFO]    - PROCESSING: No checkpoint found. Starting new computation.
[2025-09-10 04:46:12] [INFO]    - Contains2000sequences.
[2025-09-10 04:46:13] [INFO] Current memory usage: 592.6 MB
[2025-09-10 04:46:13] [INFO]    - Calling assignTaxonomy()... (This is the slow step, system may appear frozen)
